{"uuid":"1df69f41-eae0-4eb1-87ba-10935339f640","name":"officemartDaji","children":["ebe3c2fa-3c62-48c0-b859-918ab4dd77d3"],"befores":[{"name":"Configure and open browser before tests","status":"broken","statusDetails":{"known":false,"muted":false,"flaky":false,"message":"Timed out waiting for driver server to start.\nBuild info: version: '3.141.59', revision: 'e82be7d358', time: '2018-11-14T08:17:03'\nSystem info: host: 'WINDOWS-VO7ICFV', ip: '192.168.1.13', os.name: 'Windows 10', os.arch: 'amd64', os.version: '10.0', java.version: '17.0.2'\nDriver info: driver.version: SelenideDriver\nselenide.url: https://hotsale.ge/\nselenide.baseUrl: http://localhost:8080","trace":"org.openqa.selenium.WebDriverException: Timed out waiting for driver server to start.\nBuild info: version: '3.141.59', revision: 'e82be7d358', time: '2018-11-14T08:17:03'\nSystem info: host: 'WINDOWS-VO7ICFV', ip: '192.168.1.13', os.name: 'Windows 10', os.arch: 'amd64', os.version: '10.0', java.version: '17.0.2'\nDriver info: driver.version: SelenideDriver\nselenide.url: https://hotsale.ge/\nselenide.baseUrl: http://localhost:8080\r\n\tat org.openqa.selenium.remote.service.DriverService.waitUntilAvailable(DriverService.java:202)\r\n\tat org.openqa.selenium.remote.service.DriverService.start(DriverService.java:188)\r\n\tat org.openqa.selenium.remote.service.DriverCommandExecutor.execute(DriverCommandExecutor.java:79)\r\n\tat org.openqa.selenium.remote.RemoteWebDriver.execute(RemoteWebDriver.java:552)\r\n\tat org.openqa.selenium.remote.RemoteWebDriver.startSession(RemoteWebDriver.java:213)\r\n\tat org.openqa.selenium.remote.RemoteWebDriver.<init>(RemoteWebDriver.java:131)\r\n\tat org.openqa.selenium.chrome.ChromeDriver.<init>(ChromeDriver.java:181)\r\n\tat org.openqa.selenium.chrome.ChromeDriver.<init>(ChromeDriver.java:168)\r\n\tat org.openqa.selenium.chrome.ChromeDriver.<init>(ChromeDriver.java:157)\r\n\tat com.codeborne.selenide.webdriver.ChromeDriverFactory.create(ChromeDriverFactory.java:25)\r\n\tat com.codeborne.selenide.webdriver.WebDriverFactory.lambda$createWebDriver$1(WebDriverFactory.java:55)\r\n\tat java.base/java.util.Optional.map(Optional.java:260)\r\n\tat com.codeborne.selenide.webdriver.WebDriverFactory.createWebDriver(WebDriverFactory.java:55)\r\n\tat com.codeborne.selenide.drivercommands.CreateDriverCommand.createDriver(CreateDriverCommand.java:38)\r\n\tat com.codeborne.selenide.drivercommands.LazyDriver.createDriver(LazyDriver.java:93)\r\n\tat com.codeborne.selenide.drivercommands.LazyDriver.getAndCheckWebDriver(LazyDriver.java:87)\r\n\tat com.codeborne.selenide.SelenideDriver.getAndCheckWebDriver(SelenideDriver.java:143)\r\n\tat com.codeborne.selenide.drivercommands.Navigator.navigateTo(Navigator.java:61)\r\n\tat com.codeborne.selenide.drivercommands.Navigator.open(Navigator.java:24)\r\n\tat com.codeborne.selenide.SelenideDriver.open(SelenideDriver.java:59)\r\n\tat com.codeborne.selenide.Selenide.open(Selenide.java:39)\r\n\tat Utils.ChromeRunner.setUp(ChromeRunner.java:11)\r\n\tat java.base/jdk.internal.reflect.NativeMethodAccessorImpl.invoke0(Native Method)\r\n\tat java.base/jdk.internal.reflect.NativeMethodAccessorImpl.invoke(NativeMethodAccessorImpl.java:77)\r\n\tat java.base/jdk.internal.reflect.DelegatingMethodAccessorImpl.invoke(DelegatingMethodAccessorImpl.java:43)\r\n\tat java.base/java.lang.reflect.Method.invoke(Method.java:568)\r\n\tat org.testng.internal.MethodInvocationHelper.invokeMethod(MethodInvocationHelper.java:124)\r\n\tat org.testng.internal.MethodInvocationHelper.invokeMethodConsideringTimeout(MethodInvocationHelper.java:59)\r\n\tat org.testng.internal.Invoker.invokeConfigurationMethod(Invoker.java:458)\r\n\tat org.testng.internal.Invoker.invokeConfigurations(Invoker.java:222)\r\n\tat org.testng.internal.Invoker.invokeConfigurations(Invoker.java:142)\r\n\tat org.testng.TestRunner.beforeRun(TestRunner.java:529)\r\n\tat org.testng.TestRunner.run(TestRunner.java:497)\r\n\tat org.testng.SuiteRunner.runTest(SuiteRunner.java:455)\r\n\tat org.testng.SuiteRunner.runSequentially(SuiteRunner.java:450)\r\n\tat org.testng.SuiteRunner.privateRun(SuiteRunner.java:415)\r\n\tat org.testng.SuiteRunner.run(SuiteRunner.java:364)\r\n\tat org.testng.SuiteRunnerWorker.runSuite(SuiteRunnerWorker.java:52)\r\n\tat org.testng.SuiteRunnerWorker.run(SuiteRunnerWorker.java:84)\r\n\tat org.testng.TestNG.runSuitesSequentially(TestNG.java:1208)\r\n\tat org.testng.TestNG.runSuitesLocally(TestNG.java:1137)\r\n\tat org.testng.TestNG.runSuites(TestNG.java:1049)\r\n\tat org.testng.TestNG.run(TestNG.java:1017)\r\n\tat com.intellij.rt.testng.IDEARemoteTestNG.run(IDEARemoteTestNG.java:66)\r\n\tat com.intellij.rt.testng.RemoteTestNGStarter.main(RemoteTestNGStarter.java:109)\r\nCaused by: org.openqa.selenium.net.UrlChecker$TimeoutException: Timed out waiting for [http://localhost:5603/status] to be available after 20080 ms\r\n\tat org.openqa.selenium.net.UrlChecker.waitUntilAvailable(UrlChecker.java:100)\r\n\tat org.openqa.selenium.remote.service.DriverService.waitUntilAvailable(DriverService.java:197)\r\n\t... 44 more\r\nCaused by: java.util.concurrent.TimeoutException\r\n\tat java.base/java.util.concurrent.FutureTask.get(FutureTask.java:204)\r\n\tat com.google.common.util.concurrent.SimpleTimeLimiter.callWithTimeout(SimpleTimeLimiter.java:156)\r\n\tat org.openqa.selenium.net.UrlChecker.waitUntilAvailable(UrlChecker.java:75)\r\n\t... 45 more\r\n"},"stage":"finished","description":"Configure and open browser before tests","steps":[],"attachments":[],"parameters":[],"start":1676240782426,"stop":1676240822828}],"afters":[],"links":[],"start":1676240782360,"stop":1676240825595}